remote: warning: See https://gh.io/lfs for more information.        
remote: warning: File home-assistant_v2.db is 80.93 MB; this is larger than GitHub's recommended maximum file size of 50.00 MB        
remote: warning: GH001: Large files detected. You may want to try Git Large File Storage - https://git-lfs.github.com.        
remote: error: GH013: Repository rule violations found for refs/heads/main.        
remote: 
remote: - GITHUB PUSH PROTECTION        
remote:   —————————————————————————————————————————        
remote:     Resolve the following violations before pushing again        
remote: 
remote:     - Push cannot contain secrets        
remote: 
remote:             
remote:      (?) Learn how to resolve a blocked push        
remote:      https://docs.github.com/code-security/secret-scanning/working-with-secret-scanning-and-push-protection/working-with-push-protection-from-the-command-line#resolving-a-blocked-push        
remote:             
remote:             
remote:       —— GitHub OAuth Access Token —————————————————————————        
remote:        locations:        
remote:          - commit: ba3431d41531708973e7dd31b811df15c18918ab        
remote:            path: .storage/core.config_entries:22        
remote:             
remote:        (?) To push, remove secret from commit(s) or follow this URL to allow the secret.        
remote:        https://github.com/DeclanSC/hass-esi-thermostat/security/secret-scanning/unblock-secret/2wyIKaYBECDCg7Ae0mVbMvUIL10        
remote:             
remote:             
remote:       —— Stripe API Key ————————————————————————————————————        
remote:        locations:        
remote:          - commit: ba3431d41531708973e7dd31b811df15c18918ab        
remote:            path: .storage/core.config_entries:23        
remote:          - commit: ba3431d41531708973e7dd31b811df15c18918ab        
remote:            path: .storage/core.config_entries:23        
remote:             
remote:        (?) To push, remove secret from commit(s) or follow this URL to allow the secret.        
remote:        https://github.com/DeclanSC/hass-esi-thermostat/security/secret-scanning/unblock-secret/2wyIKYfYepCbwypMsMuXeXFIZeY        
remote:             
remote:             
remote:       —— Google OAuth Access Token —————————————————————————        
remote:        locations:        
remote:          - commit: ba3431d41531708973e7dd31b811df15c18918ab        
remote:            path: .storage/core.config_entries:33        
remote:             
remote:        (?) To push, remove secret from commit(s) or follow this URL to allow the secret.        
remote:        https://github.com/DeclanSC/hass-esi-thermostat/security/secret-scanning/unblock-secret/2wyIKXPC5C6Ir3CpfCPKNGU4XkV        
remote:             
remote:             
remote:       —— Google OAuth Refresh Token ————————————————————————        
remote:        locations:        
remote:          - commit: ba3431d41531708973e7dd31b811df15c18918ab        
remote:            path: .storage/core.config_entries:33        
remote:             
remote:        (?) To push, remove secret from commit(s) or follow this URL to allow the secret.        
remote:        https://github.com/DeclanSC/hass-esi-thermostat/security/secret-scanning/unblock-secret/2wyIKeqzTGldYmKwHM5U26Xamfj        
remote:             
remote:             
remote:       —— Google OAuth Access Token —————————————————————————        
remote:        locations:        
remote:          - commit: ba3431d41531708973e7dd31b811df15c18918ab        
remote:            path: .storage/core.config_entries:47        
remote:             
remote:        (?) To push, remove secret from commit(s) or follow this URL to allow the secret.        
remote:        https://github.com/DeclanSC/hass-esi-thermostat/security/secret-scanning/unblock-secret/2wyIKZgN061b2dRDM5IT1MXxgmE        
remote:             
remote:             
remote:     ——[ WARNING ]—————————————————————————————————————————        
remote:      1 more secrets detected. Remove each secret from your commit history to view more detections.        
remote:      https://docs.github.com/code-security/secret-scanning/using-advanced-secret-scanning-and-push-protection-features/excluding-folders-and-files-from-secret-scanning        
remote:     ——————————————————————————————————————————————————————        
remote: 
remote: 
To https://github.com/DeclanSC/hass-esi-thermostat.git
 ! [remote rejected] main -> main (push declined due to repository rule violations)
error: failed to push some refs to 'https://github.com/DeclanSC/hass-esi-thermostat.git'
